
[3J[H[2Jrm: cannot remove 'rm': No such file or directory
rm: cannot remove 'Resultados/FrentesAlgoritmo/*': No such file or directory
rm: cannot remove 'Resultados/FrentesGrafico/*': No such file or directory
rm: cannot remove 'Resultados/HiperVolumen/*': No such file or directory
rm: cannot remove 'Resultados/Frente.txt': No such file or directory
rm: cannot remove 'Resultados/Individuos.txt': No such file or directory
rm: cannot remove 'Resultados/PuntoRef.txt': No such file or directory
rm: cannot remove 'Resultados/Rutas.txt': No such file or directory
./1-tests.sh: 43: ./1-tests.sh: Bad substitution
[3J[H[2Jrm: cannot remove 'rm': No such file or directory
rm: cannot remove 'Resultados/FrentesGrafico/*': No such file or directory
rm: cannot remove 'Resultados/HiperVolumen/*': No such file or directory
rm: cannot remove 'Resultados/RutasAlgoritmo/*': No such file or directory
rm: cannot remove 'Resultados/SolucionesAlgoritmo/*': No such file or directory
rm: cannot remove 'Resultados/Frente.txt': No such file or directory
rm: cannot remove 'Resultados/Individuos.txt': No such file or directory
rm: cannot remove 'Resultados/PuntoRef.txt': No such file or directory
rm: cannot remove 'Resultados/Rutas.txt': No such file or directory
rm: cannot remove 'Resultados/Seguimiento.txt': No such file or directory
./1-tests.sh: 42: ./1-tests.sh: Bad substitution
[3J[H[2Jrm: cannot remove 'rm': No such file or directory
rm: cannot remove 'Resultados/FrentesAlgoritmo/*': No such file or directory
rm: cannot remove 'Resultados/FrentesGrafico/*': No such file or directory
rm: cannot remove 'Resultados/HiperVolumen/*': No such file or directory
rm: cannot remove 'Resultados/RutasAlgoritmo/*': No such file or directory
rm: cannot remove 'Resultados/SolucionesAlgoritmo/*': No such file or directory
rm: cannot remove 'Resultados/Frente.txt': No such file or directory
rm: cannot remove 'Resultados/Individuos.txt': No such file or directory
rm: cannot remove 'Resultados/PuntoRef.txt': No such file or directory
rm: cannot remove 'Resultados/Rutas.txt': No such file or directory
rm: cannot remove 'Resultados/Seguimiento.txt': No such file or directory
Matplotlib created a temporary config/cache directory at /tmp/matplotlib-_b5rf5mn because the default path (/config/matplotlib) is not a writable directory; it is highly recommended to set the MPLCONFIGDIR environment variable to a writable directory, in particular to speed up the import of Matplotlib and to better support multiprocessing.
[3J[H[2Jrm: cannot remove 'rm': No such file or directory
Matplotlib created a temporary config/cache directory at /tmp/matplotlib-jiqmokrj because the default path (/config/matplotlib) is not a writable directory; it is highly recommended to set the MPLCONFIGDIR environment variable to a writable directory, in particular to speed up the import of Matplotlib and to better support multiprocessing.
[3J[H[2Jrm: cannot remove 'rm': No such file or directory
Matplotlib created a temporary config/cache directory at /tmp/matplotlib-e0kvsast because the default path (/config/matplotlib) is not a writable directory; it is highly recommended to set the MPLCONFIGDIR environment variable to a writable directory, in particular to speed up the import of Matplotlib and to better support multiprocessing.
Matplotlib created a temporary config/cache directory at /tmp/matplotlib-9nhzd1ph because the default path (/config/matplotlib) is not a writable directory; it is highly recommended to set the MPLCONFIGDIR environment variable to a writable directory, in particular to speed up the import of Matplotlib and to better support multiprocessing.
